2021-07-02 21:08:33,436 - INFO - Command: на занятия; Result: Запись на занятие;
Predictions: [[ 0.529347897 0.282423496 0.106438391 0.081790224]]
2021-07-02 21:09:02,087 - INFO - Command: да хочу; Result: Да;
Predictions: [[ 0.999812663 0.000187380]]
2021-07-02 21:09:48,371 - INFO - Command: десять; Result: 10:00;
Predictions: [[ 0.000041054 0.999249279 0.000201318 0.000431160 0.000077099 0.000000018]]
2021-07-02 21:10:16,766 - INFO - Command: нет не хочу; Result: Нет;
Predictions: [[ 0.000506841 0.999493122]]
2021-07-02 21:10:52,583 - INFO - Command: девять; Result: 9:00;
Predictions: [[ 0.999583542 0.000015293 0.000004359 0.000148698 0.000023148 0.000224892]]
2021-07-02 21:11:30,618 - INFO - Command: во одиннадцать; Result: 11:00;
Predictions: [[ 0.000020027 0.000068573 0.999608338 0.000000175 0.000090381 0.000212565]]
2021-07-02 21:11:48,393 - INFO - Command: двенадцать; Result: 12:00;
Predictions: [[ 0.000361914 0.000536548 0.000000189 0.998834550 0.000265599 0.000001248]]
2021-07-02 21:12:25,550 - INFO - Command: запиши меня на тринадцать утром пожалуста; Result: 13:00;
Predictions: [[ 0.000885932 0.005512150 0.016940365 0.000180066 0.976339817 0.000141681]]
2021-07-02 21:12:49,602 - INFO - Command: хочу где нибудь после четырнадцати днем; Result: 14:00;
Predictions: [[ 0.000390516 0.000000029 0.000307263 0.000006431 0.000150521 0.999145150]]
2021-07-02 21:13:09,439 - INFO - Command: услуги; Result: Услуги;
Predictions: [[ 0.003815460 0.031758517 0.956360936 0.008065122]]
2021-07-02 21:13:30,133 - INFO - Command: огэ; Result: 1;
Predictions: [[ 0.992448926 0.000571416 0.004823363 0.002156361]]
2021-07-02 21:13:41,186 - INFO - Command: нет не хочу; Result: Нет;
Predictions: [[ 0.000506841 0.999493122]]
2021-07-02 21:13:47,453 - INFO - Command: да; Result: Да;
Predictions: [[ 0.998922467 0.001077540]]
2021-07-02 21:13:55,100 - INFO - Command: узнать свой уровень; Result: Узнать уровень;
Predictions: [[ 0.001645176 0.001580299 0.000473748 0.996300697]]
2021-07-02 21:14:01,402 - INFO - Command: да хочу; Result: Да;
Predictions: [[ 0.999812663 0.000187380]]
2021-07-02 21:14:16,312 - INFO - Command: расскажи поподробнее пожалуйста; Result: Подробнее;
Predictions: [[ 0.000075811 0.992497742 0.004378902 0.003047608]]
2021-07-02 21:16:36,519 - INFO - Command: апельсин; Result: Подробнее;
Predictions: [[ 0.000445331 0.976553142 0.016218819 0.006782776]]
2021-07-02 21:17:07,267 - INFO - Command: на шестнадцать; Result: 13:00;
Predictions: [[ 0.003517512 0.014874337 0.005270112 0.010254253 0.966038048 0.000045684]]
2021-07-02 21:17:38,747 - INFO - Command: на восемнадцать часов пожалуста; Result: 13:00;
Predictions: [[ 0.002282340 0.008692063 0.002014041 0.004167391 0.982818902 0.000025250]]
