2021-07-02 21:08:33,437 - INFO - Command: на занятия; Result: Запись на занятие;
Predictions: [[ 0.529347897 0.282423496 0.106438391 0.081790224]]
2021-07-02 21:12:25,550 - INFO - Command: запиши меня на тринадцать утром пожалуста; Result: 13:00;
Predictions: [[ 0.000885932 0.005512150 0.016940365 0.000180066 0.976339817 0.000141681]]
2021-07-02 21:13:09,439 - INFO - Command: услуги; Result: Услуги;
Predictions: [[ 0.003815460 0.031758517 0.956360936 0.008065122]]
2021-07-02 21:16:36,520 - INFO - Command: апельсин; Result: Подробнее;
Predictions: [[ 0.000445331 0.976553142 0.016218819 0.006782776]]
2021-07-02 21:17:07,267 - INFO - Command: на шестнадцать; Result: 13:00;
Predictions: [[ 0.003517512 0.014874337 0.005270112 0.010254253 0.966038048 0.000045684]]
2021-07-03 16:35:20,412 - INFO - Command: на шестнадцать пожалуста; Result: 12:00;
Predictions: [[ 0.000146985 0.002391480 0.016306838 0.979201436 0.000109692 0.001843227 0.000000408]]
2021-07-03 21:28:04,708 - INFO - Command: хочу занятие; Result: Подробнее;
Predictions: [[ 0.008901758 0.946383476 0.014817882 0.019696821 0.004207175 0.005992744]]
2021-07-03 21:28:20,765 - INFO - Command: какой у меня уровень; Result: no_such_action;
Predictions: [[ 0.007531858 0.003733539 0.023636747 0.012643532 0.951841950 0.000612348]]
2021-07-04 01:55:43,853 - INFO - Command: на восемнадцать; Result: 12:00;
Predictions: [[ 0.000271077 0.000052852 0.000394217 0.630398512 0.007874279 0.000032844 0.360528678 0.000447530 0.000000049]]
2021-07-04 18:48:01,753 - INFO - Command: есть чё пожрать; Result: Услуги;
Predictions: [[ 0.003706678 0.005698941 0.724145055 0.000226180 0.266223073]]
2021-07-04 18:50:44,039 - INFO - Command: процент какие у вас есть услуги которые я мог бы воспользоваться; Result: Услуги;
Predictions: [[ 0.018933479 0.038732361 0.887726307 0.013706863 0.040900875]]
2021-07-04 18:51:54,979 - INFO - Command: запиши меня на занятия; Result: Запись на занятие;
Predictions: [[ 0.968317032 0.014113727 0.004434929 0.012865564 0.000268742]]
2021-07-04 18:52:35,129 - INFO - Command: об мусорок не шей мне срок маленькая героиня удочку сломала; Result: no_such_action;
Predictions: [[ 0.014664276 0.066256471 0.017141128 0.001791284 0.900146842]]
2021-07-04 18:53:01,996 - INFO - Command: египта он расскажи мне чего у вас там по услугам; Result: Услуги;
Predictions: [[ 0.426661253 0.023015326 0.521764278 0.026081149 0.002478038]]
2021-07-05 02:07:25,524 - INFO - Command: шестнадцать часов; Result: Подробнее;
Predictions: [[ 0.000445331 0.976553142 0.016218819 0.006782776]]
2021-07-13 16:56:34,985 - INFO - Command: не хочу; Result: Нет;
Predictions: [[ 0.026477668 0.973522305]]
2021-07-15 19:38:57,325 - INFO - Command: хочу узнать поподробнее; Result: Подробнее;
Predictions: [[ 0.076081268 0.906633973 0.012332419 0.003351526 0.001600840]]
2021-07-15 16:00:53,246 - INFO - Command: я хочу записаться на занятия; Result: Запись на занятие;
Predictions: [[ 0.924754977 0.002259867 0.000211422 0.072773688]]
